Arguments: 
  /usr/local/bin/node /usr/local/bin/yarn install

PATH: 
  /usr/local/bin:/usr/bin:/bin:/usr/sbin:/sbin

Yarn version: 
  1.17.3

Node version: 
  12.11.0

Platform: 
  darwin x64

Trace: 
  Error: http://172.30.0.176:4873/babel-polyfill: ETIMEDOUT
      at Timeout._onTimeout (/usr/local/lib/node_modules/yarn/lib/cli.js:141124:19)
      at listOnTimeout (internal/timers.js:531:17)
      at processTimers (internal/timers.js:475:7)

npm manifest: 
  {
    "name": "css3-h5-api",
    "version": "0.0.1",
    "private": false,
    "scripts": {
      "sdk:dev": "concurrently --kill-others \"npm run rollup:watch\" \"npm run server\""
    },
    "dependencies": {
      "babel-polyfill": "^6.26.0",
      "babel-standalone": "^6.26.0",
      "express": "^5.0.0-alpha.7",
      "formidable": "^1.2.1",
      "log4js": "^3.0.5",
      "spdy": "^4.0.0",
      "@babel/runtime": "^7.6.3",
      "chalk": "2.3.0",
      "concurrently": "^3.5.1",
      "cross-env": "^6.0.3",
      "ora": "1.3.0",
      "rimraf": "2.6.2"
    },
    "devDependencies": {
      "@babel/cli": "^7.6.4",
      "@babel/core": "^7.6.4",
      "@babel/plugin-proposal-decorators": "^7.6.0",
      "@babel/plugin-transform-runtime": "^7.6.2",
      "@babel/preset-env": "^7.6.3",
      "babel-eslint": "8.0.1",
      "eslint": "4.10.0",
      "eslint-config-standard": "10.2.1",
      "eslint-plugin-import": "2.8.0",
      "eslint-plugin-node": "5.2.1",
      "eslint-plugin-promise": "3.6.0",
      "eslint-plugin-standard": "3.0.1",
      "event-source-polyfill": "0.0.12",
      "rollup": "^1.24.0",
      "rollup-plugin-babel": "^4.3.3",
      "rollup-plugin-commonjs": "^10.1.0",
      "rollup-plugin-node-resolve": "^5.2.0",
      "rollup-plugin-uglify": "^6.0.3"
    },
    "nodejs": {
      "version": ">=8.0"
    },
    "repository": {
      "type": "git",
      "url": "https://github.com/appletxm/nodejs-api"
    },
    "keywords": [
      "nodejs",
      "websocket",
      "nodejsapi"
    ],
    "author": "appletxm",
    "license": "MIT",
    "bugs": {
      "url": "https://github.com/appletxm/nodejs-api/issues"
    }
  }

yarn manifest: 
  No manifest

Lockfile: 
  No lockfile
